# JRE version: Java(TM) SE Runtime Environment (8.0_151-b12) (build 1.8.0_151-b12)
# Java VM: Java HotSpot(TM) 64-Bit Server VM (25.151-b12 mixed mode windows-amd64 compressed oops)
Heap:
 PSYoungGen      total 305152K, used 100567K [0x00000000d5e00000, 0x00000000ed480000, 0x0000000100000000)
  eden space 290816K, 33% used [0x00000000d5e00000,0x00000000dbd5ac28,0x00000000e7a00000)
  from space 14336K, 20% used [0x00000000e7a00000,0x00000000e7cdb060,0x00000000e8800000)
  to   space 14336K, 0% used [0x00000000ec680000,0x00000000ec680000,0x00000000ed480000)
 ParOldGen       total 96256K, used 29147K [0x0000000081a00000, 0x0000000087800000, 0x00000000d5e00000)
  object space 96256K, 30% used [0x0000000081a00000,0x0000000083676ec8,0x0000000087800000)
 Metaspace       used 64481K, capacity 68473K, committed 68608K, reserved 1110016K
  class space    used 8242K, capacity 8868K, committed 8960K, reserved 1048576K
GC Heap History (10 events):
Event: 68.987 GC heap before
{Heap before GC invocations=16 (full 2):
 PSYoungGen      total 211968K, used 65807K [0x00000000d5e00000, 0x00000000e9700000, 0x0000000100000000)
  eden space 199680K, 26% used [0x00000000d5e00000,0x00000000d924ab98,0x00000000e2100000)
  from space 12288K, 99% used [0x00000000e2100000,0x00000000e2cf9338,0x00000000e2d00000)
  to   space 15360K, 0% used [0x00000000e8800000,0x00000000e8800000,0x00000000e9700000)
 ParOldGen       total 73216K, used 17549K [0x0000000081a00000, 0x0000000086180000, 0x00000000d5e00000)
  object space 73216K, 23% used [0x0000000081a00000,0x0000000082b23590,0x0000000086180000)
 Metaspace       used 56166K, capacity 59065K, committed 59160K, reserved 1101824K
  class space    used 7339K, capacity 7844K, committed 7936K, reserved 1048576K
Event: 69.066 GC heap after
Heap after GC invocations=16 (full 2):
 PSYoungGen      total 291840K, used 3241K [0x00000000d5e00000, 0x00000000e9000000, 0x0000000100000000)
  eden space 283648K, 0% used [0x00000000d5e00000,0x00000000d5e00000,0x00000000e7300000)
  from space 8192K, 39% used [0x00000000e8800000,0x00000000e8b2a4b8,0x00000000e9000000)
  to   space 14848K, 0% used [0x00000000e7300000,0x00000000e7300000,0x00000000e8180000)
 ParOldGen       total 73216K, used 21924K [0x0000000081a00000, 0x0000000086180000, 0x00000000d5e00000)
  object space 73216K, 29% used [0x0000000081a00000,0x0000000082f692e0,0x0000000086180000)
 Metaspace       used 56166K, capacity 59065K, committed 59160K, reserved 1101824K
  class space    used 7339K, capacity 7844K, committed 7936K, reserved 1048576K
}
Event: 69.066 GC heap before
{Heap before GC invocations=17 (full 3):
 PSYoungGen      total 291840K, used 3241K [0x00000000d5e00000, 0x00000000e9000000, 0x0000000100000000)
  eden space 283648K, 0% used [0x00000000d5e00000,0x00000000d5e00000,0x00000000e7300000)
  from space 8192K, 39% used [0x00000000e8800000,0x00000000e8b2a4b8,0x00000000e9000000)
  to   space 14848K, 0% used [0x00000000e7300000,0x00000000e7300000,0x00000000e8180000)
 ParOldGen       total 73216K, used 21924K [0x0000000081a00000, 0x0000000086180000, 0x00000000d5e00000)
  object space 73216K, 29% used [0x0000000081a00000,0x0000000082f692e0,0x0000000086180000)
 Metaspace       used 56166K, capacity 59065K, committed 59160K, reserved 1101824K
  class space    used 7339K, capacity 7844K, committed 7936K, reserved 1048576K
Event: 69.788 GC heap after
Heap after GC invocations=17 (full 3):
 PSYoungGen      total 291840K, used 0K [0x00000000d5e00000, 0x00000000e9000000, 0x0000000100000000)
  eden space 283648K, 0% used [0x00000000d5e00000,0x00000000d5e00000,0x00000000e7300000)
  from space 8192K, 0% used [0x00000000e8800000,0x00000000e8800000,0x00000000e9000000)
  to   space 14848K, 0% used [0x00000000e7300000,0x00000000e7300000,0x00000000e8180000)
 ParOldGen       total 96256K, used 24037K [0x0000000081a00000, 0x0000000087800000, 0x00000000d5e00000)
  object space 96256K, 24% used [0x0000000081a00000,0x0000000083179588,0x0000000087800000)
 Metaspace       used 56166K, capacity 59065K, committed 59160K, reserved 1101824K
  class space    used 7339K, capacity 7844K, committed 7936K, reserved 1048576K
}
Event: 75.239 GC heap before
{Heap before GC invocations=18 (full 3):
 PSYoungGen      total 291840K, used 283648K [0x00000000d5e00000, 0x00000000e9000000, 0x0000000100000000)
  eden space 283648K, 100% used [0x00000000d5e00000,0x00000000e7300000,0x00000000e7300000)
  from space 8192K, 0% used [0x00000000e8800000,0x00000000e8800000,0x00000000e9000000)
  to   space 14848K, 0% used [0x00000000e7300000,0x00000000e7300000,0x00000000e8180000)
 ParOldGen       total 96256K, used 24037K [0x0000000081a00000, 0x0000000087800000, 0x00000000d5e00000)
  object space 96256K, 24% used [0x0000000081a00000,0x0000000083179588,0x0000000087800000)
 Metaspace       used 59240K, capacity 62561K, committed 62848K, reserved 1103872K
  class space    used 7699K, capacity 8258K, committed 8320K, reserved 1048576K
Event: 75.271 GC heap after
Heap after GC invocations=18 (full 3):
 PSYoungGen      total 298496K, used 4829K [0x00000000d5e00000, 0x00000000e9000000, 0x0000000100000000)
  eden space 283648K, 0% used [0x00000000d5e00000,0x00000000d5e00000,0x00000000e7300000)
  from space 14848K, 32% used [0x00000000e7300000,0x00000000e77b7600,0x00000000e8180000)
  to   space 8192K, 0% used [0x00000000e8800000,0x00000000e8800000,0x00000000e9000000)
 ParOldGen       total 96256K, used 24045K [0x0000000081a00000, 0x0000000087800000, 0x00000000d5e00000)
  object space 96256K, 24% used [0x0000000081a00000,0x000000008317b588,0x0000000087800000)
 Metaspace       used 59240K, capacity 62561K, committed 62848K, reserved 1103872K
  class space    used 7699K, capacity 8258K, committed 8320K, reserved 1048576K
}
Event: 77.704 GC heap before
{Heap before GC invocations=19 (full 3):
 PSYoungGen      total 298496K, used 288477K [0x00000000d5e00000, 0x00000000e9000000, 0x0000000100000000)
  eden space 283648K, 100% used [0x00000000d5e00000,0x00000000e7300000,0x00000000e7300000)
  from space 14848K, 32% used [0x00000000e7300000,0x00000000e77b7600,0x00000000e8180000)
  to   space 8192K, 0% used [0x00000000e8800000,0x00000000e8800000,0x00000000e9000000)
 ParOldGen       total 96256K, used 24045K [0x0000000081a00000, 0x0000000087800000, 0x00000000d5e00000)
  object space 96256K, 24% used [0x0000000081a00000,0x000000008317b588,0x0000000087800000)
 Metaspace       used 60382K, capacity 63841K, committed 64000K, reserved 1105920K
  class space    used 7760K, capacity 8336K, committed 8448K, reserved 1048576K
Event: 77.724 GC heap after
Heap after GC invocations=19 (full 3):
 PSYoungGen      total 299008K, used 1920K [0x00000000d5e00000, 0x00000000eed80000, 0x0000000100000000)
  eden space 290816K, 0% used [0x00000000d5e00000,0x00000000d5e00000,0x00000000e7a00000)
  from space 8192K, 23% used [0x00000000e8800000,0x00000000e89e0000,0x00000000e9000000)
  to   space 14336K, 0% used [0x00000000e7a00000,0x00000000e7a00000,0x00000000e8800000)
 ParOldGen       total 96256K, used 27323K [0x0000000081a00000, 0x0000000087800000, 0x00000000d5e00000)
  object space 96256K, 28% used [0x0000000081a00000,0x00000000834aeec8,0x0000000087800000)
 Metaspace       used 60382K, capacity 63841K, committed 64000K, reserved 1105920K
  class space    used 7760K, capacity 8336K, committed 8448K, reserved 1048576K
}
Event: 81.071 GC heap before
{Heap before GC invocations=20 (full 3):
 PSYoungGen      total 299008K, used 292736K [0x00000000d5e00000, 0x00000000eed80000, 0x0000000100000000)
  eden space 290816K, 100% used [0x00000000d5e00000,0x00000000e7a00000,0x00000000e7a00000)
  from space 8192K, 23% used [0x00000000e8800000,0x00000000e89e0000,0x00000000e9000000)
  to   space 14336K, 0% used [0x00000000e7a00000,0x00000000e7a00000,0x00000000e8800000)
 ParOldGen       total 96256K, used 27323K [0x0000000081a00000, 0x0000000087800000, 0x00000000d5e00000)
  object space 96256K, 28% used [0x0000000081a00000,0x00000000834aeec8,0x0000000087800000)
 Metaspace       used 62008K, capacity 65591K, committed 65664K, reserved 1105920K
  class space    used 7898K, capacity 8505K, committed 8576K, reserved 1048576K
Event: 81.111 GC heap after
Heap after GC invocations=20 (full 3):
 PSYoungGen      total 305152K, used 2924K [0x00000000d5e00000, 0x00000000ed480000, 0x0000000100000000)
  eden space 290816K, 0% used [0x00000000d5e00000,0x00000000d5e00000,0x00000000e7a00000)
  from space 14336K, 20% used [0x00000000e7a00000,0x00000000e7cdb060,0x00000000e8800000)
  to   space 14336K, 0% used [0x00000000ec680000,0x00000000ec680000,0x00000000ed480000)
 ParOldGen       total 96256K, used 29147K [0x0000000081a00000, 0x0000000087800000, 0x00000000d5e00000)
  object space 96256K, 30% used [0x0000000081a00000,0x0000000083676ec8,0x0000000087800000)
 Metaspace       used 62008K, capacity 65591K, committed 65664K, reserved 1105920K
  class space    used 7898K, capacity 8505K, committed 8576K, reserved 1048576K
}

